2025-06-29 13:50:47 - 0.000 sec.
2025-06-29 13:50:47 - ================== [Copy START] ==================
2025-06-29 13:50:47 - 0.000 sec.
2025-06-29 13:50:47 - [Copy attributes start]
2025-06-29 13:50:47 - 0.000 sec.
2025-06-29 13:50:47 - [Delete old product value (attribute) relations]
2025-06-29 13:50:47 - 0.002 sec.
2025-06-29 13:50:47 - [Create attribute cache]
2025-06-29 13:50:47 - 0.002 sec.
2025-06-29 13:50:47 - [Insert filters]
2025-06-29 13:50:47 - 0.001 sec.
2025-06-29 13:50:47 - [Insert filters description]
2025-06-29 13:50:47 - 0.001 sec.
2025-06-29 13:50:47 - [Insert filter values]
2025-06-29 13:50:47 - 0.001 sec.
2025-06-29 13:50:47 - [Insert filter values description]
2025-06-29 13:50:47 - 0.002 sec.
2025-06-29 13:50:47 - [Insert filter values description for another languages]
2025-06-29 13:50:47 - 0.006 sec.
2025-06-29 13:50:47 - [Insert product value new relations]
2025-06-29 13:50:47 - 0.001 sec.
2025-06-29 13:50:47 - [Set categories]
2025-06-29 13:50:47 - 0.002 sec.
2025-06-29 13:50:47 - [Set store]
2025-06-29 13:50:47 - 0.002 sec.
2025-06-29 13:50:47 - [Disable bad filters]
2025-06-29 13:50:47 - 0.001 sec.
2025-06-29 13:50:47 - [Convert sliders]
2025-06-29 13:50:47 - 0.002 sec.
2025-06-29 13:50:47 - [Optimize]
2025-06-29 13:50:47 - 0.003 sec.
2025-06-29 13:50:47 - [Clear cache]
2025-06-29 13:50:47 - 0.000 sec.
2025-06-29 13:50:47 - ================== [Copy END] ==== (0.026 sec. total) ==============
2025-06-29 13:50:47 - 0.000 sec.
2025-06-29 13:50:47 - 1751194245843
